<?xml version="1.0" encoding="UTF-8"?>
<!-- Generated by org.testng.reporters.JUnitXMLReporter -->
<testsuite ignored="0" hostname="Mypc" failures="0" tests="3" name="HomePageTest" time="9.719" errors="0" timestamp="27 Jul 2020 05:21:32 GMT">
  <testcase classname="com.qa.flipkart.test.HomePageTest" name="closeWindowPopup" time="0.512"/>
  <testcase classname="com.qa.flipkart.test.HomePageTest" name="verifyPageTitleTest" time="0.023"/>
  <testcase classname="com.qa.flipkart.test.HomePageTest" name="clickOnRequiredOptionTest" time="0.347"/>
</testsuite> <!-- HomePageTest -->
