<?xml version="1.0" encoding="UTF-8"?>
<!-- Generated by org.testng.reporters.JUnitXMLReporter -->
<testsuite ignored="0" hostname="Mypc" failures="0" tests="10" name="HomeAppliancesPageTest" time="74.375" errors="0" timestamp="05 Aug 2020 14:04:40 GMT">
  <testcase classname="com.qa.flipkart.test.HomeAppliancesPageTest" name="titleVerificationTest" time="0.031"/>
  <testcase classname="com.qa.flipkart.test.HomeAppliancesPageTest" name="firstProductFilter" time="3.538"/>
  <testcase classname="com.qa.flipkart.test.HomeAppliancesPageTest" name="selectFirstProduct" time="8.28"/>
  <testcase classname="com.qa.flipkart.test.HomeAppliancesPageTest" name="refreshSearchResult" time="1.523"/>
  <testcase classname="com.qa.flipkart.test.HomeAppliancesPageTest" name="secondProductFilter" time="7.857"/>
  <testcase classname="com.qa.flipkart.test.HomeAppliancesPageTest" name="selectSecondProduct" time="8.327"/>
  <testcase classname="com.qa.flipkart.test.HomeAppliancesPageTest" name="getTemporaryResult" time="2.322"/>
  <testcase classname="com.qa.flipkart.test.HomeAppliancesPageTest" name="thirdProductFilter" time="7.778"/>
  <testcase classname="com.qa.flipkart.test.HomeAppliancesPageTest" name="selectThirdProduct" time="8.157"/>
  <testcase classname="com.qa.flipkart.test.HomeAppliancesPageTest" name="getFinalCartDetails" time="2.265"/>
</testsuite> <!-- HomeAppliancesPageTest -->
