<?xml version="1.0" encoding="UTF-8"?>
<testsuite name="TestSuite" time="33.903" tests="6" errors="0" skipped="0" failures="3">
  <properties>
[...]
</properties>
  <testcase name="closeWindowPopup" classname="com.qa.flipkart.test.HomePageTest" time="0.513"/>
  <testcase name="verifyPageTitleTest" classname="com.qa.flipkart.test.HomePageTest" time="0.02"/>
  <testcase name="clickOnRequiredOptionTest" classname="com.qa.flipkart.test.HomePageTest" time="0.347"/>
  <testcase name="verifyPageTitleTest" classname="com.qa.flipkart.test.HomeApplicationsPageTest" time="0.017">
    <failure message="expected [Home Appliances Store - Buy Small Home Appliances Flat 35% Off Online | Flipkart.com] but found [Online Shopping Site for Mobiles, Electronics, Furniture, Grocery, Lifestyle, Books &amp; More. Best Offers!]" type="java.lang.AssertionError"><![CDATA[java.lang.AssertionError: expected [Home Appliances Store - Buy Small Home Appliances Flat 35% Off Online | Flipkart.com] but found [Online Shopping Site for Mobiles, Electronics, Furniture, Grocery, Lifestyle, Books & More. Best Offers!]
	at org.testng.Assert.fail(Assert.java:96)
	at org.testng.Assert.failNotEquals(Assert.java:776)
	at org.testng.Assert.assertEqualsImpl(Assert.java:137)
	at org.testng.Assert.assertEquals(Assert.java:118)
	at org.testng.Assert.assertEquals(Assert.java:453)
	at org.testng.Assert.assertEquals(Assert.java:463)
	at com.qa.flipkart.test.HomeApplicationsPageTest.verifyPageTitleTest(HomeApplicationsPageTest.java:33)
]]></failure>
    <system-err><![CDATA[Starting ChromeDriver 83.0.4103.39 (ccbf011cb2d2b19b506d844400483861342c20cd-refs/branch-heads/4103@{#416}) on port 16458
Only local connections are allowed.
Please see https://chromedriver.chromium.org/security-considerations for suggestions on keeping ChromeDriver safe.
ChromeDriver was started successfully.
[1595827294.021][WARNING]: This version of ChromeDriver has not been tested with Chrome version 84.
Jul 27, 2020 10:51:35 AM org.openqa.selenium.remote.ProtocolHandshake createSession
INFO: Detected dialect: W3C
]]></system-err>
  </testcase>
  <testcase name="clickOnRequiredFilters" classname="com.qa.flipkart.test.HomeApplicationsPageTest" time="2.942">
    <failure message="element click intercepted: Element &lt;div class=&quot;_1GEhLw&quot;&gt;...&lt;/div&gt; is not clickable at point (124, 6). Other element would receive the click: &lt;div class=&quot;_1tz-RS&quot;&gt;...&lt;/div&gt;&#10;  (Session info: chrome=84.0.4147.89)&#10;Build info: version: &apos;3.141.59&apos;, revision: &apos;e82be7d358&apos;, time: &apos;2018-11-14T08:17:03&apos;&#10;System info: host: &apos;MYPC&apos;, ip: &apos;192.168.1.12&apos;, os.name: &apos;Windows 8.1&apos;, os.arch: &apos;amd64&apos;, os.version: &apos;6.3&apos;, java.version: &apos;14&apos;&#10;Driver info: org.openqa.selenium.chrome.ChromeDriver&#10;Capabilities {acceptInsecureCerts: false, browserName: chrome, browserVersion: 84.0.4147.89, chrome: {chromedriverVersion: 83.0.4103.39 (ccbf011cb2d2b..., userDataDir: C:\Users\anuplab\AppData\Lo...}, goog:chromeOptions: {debuggerAddress: localhost:49286}, javascriptEnabled: true, networkConnectionEnabled: false, pageLoadStrategy: normal, platform: WINDOWS, platformName: WINDOWS, proxy: Proxy(), setWindowRect: true, strictFileInteractability: false, timeouts: {implicit: 0, pageLoad: 300000, script: 30000}, unhandledPromptBehavior: dismiss and notify, webauthn:virtualAuthenticators: true}&#10;Session ID: 28b91d42b1a5cb5adf6937233134fa08" type="org.openqa.selenium.ElementClickInterceptedException"><![CDATA[org.openqa.selenium.ElementClickInterceptedException: element click intercepted: Element <div class="_1GEhLw">...</div> is not clickable at point (124, 6). Other element would receive the click: <div class="_1tz-RS">...</div>
  (Session info: chrome=84.0.4147.89)
Build info: version: '3.141.59', revision: 'e82be7d358', time: '2018-11-14T08:17:03'
System info: host: 'MYPC', ip: '192.168.1.12', os.name: 'Windows 8.1', os.arch: 'amd64', os.version: '6.3', java.version: '14'
Driver info: org.openqa.selenium.chrome.ChromeDriver
Capabilities {acceptInsecureCerts: false, browserName: chrome, browserVersion: 84.0.4147.89, chrome: {chromedriverVersion: 83.0.4103.39 (ccbf011cb2d2b..., userDataDir: C:\Users\anuplab\AppData\Lo...}, goog:chromeOptions: {debuggerAddress: localhost:49286}, javascriptEnabled: true, networkConnectionEnabled: false, pageLoadStrategy: normal, platform: WINDOWS, platformName: WINDOWS, proxy: Proxy(), setWindowRect: true, strictFileInteractability: false, timeouts: {implicit: 0, pageLoad: 300000, script: 30000}, unhandledPromptBehavior: dismiss and notify, webauthn:virtualAuthenticators: true}
Session ID: 28b91d42b1a5cb5adf6937233134fa08
	at java.base/jdk.internal.reflect.NativeConstructorAccessorImpl.newInstance0(Native Method)
	at java.base/jdk.internal.reflect.NativeConstructorAccessorImpl.newInstance(NativeConstructorAccessorImpl.java:62)
	at java.base/jdk.internal.reflect.DelegatingConstructorAccessorImpl.newInstance(DelegatingConstructorAccessorImpl.java:45)
	at java.base/java.lang.reflect.Constructor.newInstanceWithCaller(Constructor.java:500)
	at java.base/java.lang.reflect.Constructor.newInstance(Constructor.java:481)
	at org.openqa.selenium.remote.http.W3CHttpResponseCodec.createException(W3CHttpResponseCodec.java:187)
	at org.openqa.selenium.remote.http.W3CHttpResponseCodec.decode(W3CHttpResponseCodec.java:122)
	at org.openqa.selenium.remote.http.W3CHttpResponseCodec.decode(W3CHttpResponseCodec.java:49)
	at org.openqa.selenium.remote.HttpCommandExecutor.execute(HttpCommandExecutor.java:158)
	at org.openqa.selenium.remote.service.DriverCommandExecutor.execute(DriverCommandExecutor.java:83)
	at org.openqa.selenium.remote.RemoteWebDriver.execute(RemoteWebDriver.java:552)
	at org.openqa.selenium.remote.RemoteWebElement.execute(RemoteWebElement.java:285)
	at org.openqa.selenium.remote.RemoteWebElement.click(RemoteWebElement.java:84)
	at java.base/jdk.internal.reflect.NativeMethodAccessorImpl.invoke0(Native Method)
	at java.base/jdk.internal.reflect.NativeMethodAccessorImpl.invoke(NativeMethodAccessorImpl.java:62)
	at java.base/jdk.internal.reflect.DelegatingMethodAccessorImpl.invoke(DelegatingMethodAccessorImpl.java:43)
	at java.base/java.lang.reflect.Method.invoke(Method.java:564)
	at org.openqa.selenium.support.pagefactory.internal.LocatingElementHandler.invoke(LocatingElementHandler.java:51)
	at com.sun.proxy.$Proxy9.click(Unknown Source)
	at com.qa.flipkart.pages.HomeAppliancesPage.selectFilters(HomeAppliancesPage.java:37)
	at com.qa.flipkart.test.HomeApplicationsPageTest.clickOnRequiredFilters(HomeApplicationsPageTest.java:39)
]]></failure>
  </testcase>
  <testcase name="selectFirstProduct" classname="com.qa.flipkart.test.HomeApplicationsPageTest" time="30.064">
    <failure message="no such element: Unable to locate element: {&quot;method&quot;:&quot;xpath&quot;,&quot;selector&quot;:&quot;//div[contains(text(),&apos;Philips AC1211/20 Portable Room Air Purifier&apos;)]&quot;}&#10;  (Session info: chrome=84.0.4147.89)&#10;For documentation on this error, please visit: https://www.seleniumhq.org/exceptions/no_such_element.html&#10;Build info: version: &apos;3.141.59&apos;, revision: &apos;e82be7d358&apos;, time: &apos;2018-11-14T08:17:03&apos;&#10;System info: host: &apos;MYPC&apos;, ip: &apos;192.168.1.12&apos;, os.name: &apos;Windows 8.1&apos;, os.arch: &apos;amd64&apos;, os.version: &apos;6.3&apos;, java.version: &apos;14&apos;&#10;Driver info: org.openqa.selenium.chrome.ChromeDriver&#10;Capabilities {acceptInsecureCerts: false, browserName: chrome, browserVersion: 84.0.4147.89, chrome: {chromedriverVersion: 83.0.4103.39 (ccbf011cb2d2b..., userDataDir: C:\Users\anuplab\AppData\Lo...}, goog:chromeOptions: {debuggerAddress: localhost:49286}, javascriptEnabled: true, networkConnectionEnabled: false, pageLoadStrategy: normal, platform: WINDOWS, platformName: WINDOWS, proxy: Proxy(), setWindowRect: true, strictFileInteractability: false, timeouts: {implicit: 0, pageLoad: 300000, script: 30000}, unhandledPromptBehavior: dismiss and notify, webauthn:virtualAuthenticators: true}&#10;Session ID: 28b91d42b1a5cb5adf6937233134fa08&#10;*** Element info: {Using=xpath, value=//div[contains(text(),&apos;Philips AC1211/20 Portable Room Air Purifier&apos;)]}" type="org.openqa.selenium.NoSuchElementException">org.openqa.selenium.NoSuchElementException: no such element: Unable to locate element: {"method":"xpath","selector":"//div[contains(text(),'Philips AC1211/20 Portable Room Air Purifier')]"}
  (Session info: chrome=84.0.4147.89)
For documentation on this error, please visit: https://www.seleniumhq.org/exceptions/no_such_element.html
Build info: version: '3.141.59', revision: 'e82be7d358', time: '2018-11-14T08:17:03'
System info: host: 'MYPC', ip: '192.168.1.12', os.name: 'Windows 8.1', os.arch: 'amd64', os.version: '6.3', java.version: '14'
Driver info: org.openqa.selenium.chrome.ChromeDriver
Capabilities {acceptInsecureCerts: false, browserName: chrome, browserVersion: 84.0.4147.89, chrome: {chromedriverVersion: 83.0.4103.39 (ccbf011cb2d2b..., userDataDir: C:\Users\anuplab\AppData\Lo...}, goog:chromeOptions: {debuggerAddress: localhost:49286}, javascriptEnabled: true, networkConnectionEnabled: false, pageLoadStrategy: normal, platform: WINDOWS, platformName: WINDOWS, proxy: Proxy(), setWindowRect: true, strictFileInteractability: false, timeouts: {implicit: 0, pageLoad: 300000, script: 30000}, unhandledPromptBehavior: dismiss and notify, webauthn:virtualAuthenticators: true}
Session ID: 28b91d42b1a5cb5adf6937233134fa08
*** Element info: {Using=xpath, value=//div[contains(text(),'Philips AC1211/20 Portable Room Air Purifier')]}
	at java.base/jdk.internal.reflect.NativeConstructorAccessorImpl.newInstance0(Native Method)
	at java.base/jdk.internal.reflect.NativeConstructorAccessorImpl.newInstance(NativeConstructorAccessorImpl.java:62)
	at java.base/jdk.internal.reflect.DelegatingConstructorAccessorImpl.newInstance(DelegatingConstructorAccessorImpl.java:45)
	at java.base/java.lang.reflect.Constructor.newInstanceWithCaller(Constructor.java:500)
	at java.base/java.lang.reflect.Constructor.newInstance(Constructor.java:481)
	at org.openqa.selenium.remote.http.W3CHttpResponseCodec.createException(W3CHttpResponseCodec.java:187)
	at org.openqa.selenium.remote.http.W3CHttpResponseCodec.decode(W3CHttpResponseCodec.java:122)
	at org.openqa.selenium.remote.http.W3CHttpResponseCodec.decode(W3CHttpResponseCodec.java:49)
	at org.openqa.selenium.remote.HttpCommandExecutor.execute(HttpCommandExecutor.java:158)
	at org.openqa.selenium.remote.service.DriverCommandExecutor.execute(DriverCommandExecutor.java:83)
	at org.openqa.selenium.remote.RemoteWebDriver.execute(RemoteWebDriver.java:552)
	at org.openqa.selenium.remote.RemoteWebDriver.findElement(RemoteWebDriver.java:323)
	at org.openqa.selenium.remote.RemoteWebDriver.findElementByXPath(RemoteWebDriver.java:428)
	at org.openqa.selenium.By$ByXPath.findElement(By.java:353)
	at org.openqa.selenium.remote.RemoteWebDriver.findElement(RemoteWebDriver.java:315)
	at com.qa.flipkart.pages.HomeAppliancesPage.getProduct(HomeAppliancesPage.java:50)
	at com.qa.flipkart.test.HomeApplicationsPageTest.selectFirstProduct(HomeApplicationsPageTest.java:45)
</failure>
  </testcase>
</testsuite>